<?xml version="1.0" encoding="UTF-8"?>
<!-- Generated by org.testng.reporters.JUnitReportReporter -->
<testsuite hostname="DESKTOP-92MC5H5" failures="0" tests="1" name="com.crm.Vtiger.organization.CreateOrganization" time="0.010" errors="0" timestamp="2022-05-10T14:44:41 IST" skipped="0">
  <testcase classname="com.crm.Vtiger.organization.CreateOrganization" name="createorganizationTest" time="0.010"/>
  <system-out/>
</testsuite> <!-- com.crm.Vtiger.organization.CreateOrganization -->
